0 info it worked if it ends with ok
1 verbose cli [ '/opt/n/bin/node', '/opt/n/bin/npm', 'start' ]
2 info using npm@3.7.3
3 info using node@v5.9.1
4 verbose run-script [ 'prestart', 'start', 'poststart' ]
5 info lifecycle devious-boxes@1.0.0~prestart: devious-boxes@1.0.0
6 silly lifecycle devious-boxes@1.0.0~prestart: no script for prestart, continuing
7 info lifecycle devious-boxes@1.0.0~start: devious-boxes@1.0.0
8 verbose lifecycle devious-boxes@1.0.0~start: unsafe-perm in lifecycle true
9 verbose lifecycle devious-boxes@1.0.0~start: PATH: /opt/n/lib/node_modules/npm/bin/node-gyp-bin:/home/cpup/code/js-devious-boxes/node_modules/.bin:/opt/n/bin:/home/cpup/.ooc/bin:/home/cpup/.luaenv/shims:/home/cpup/.luaenv/bin:/home/cpup/.pyenv/shims:/home/cpup/.pyenv/bin:/opt/n/bin:/home/cpup/.rbenv/shims:/home/cpup/.rbenv/bin:/home/cpup/.cabal/bin:/home/cpup/.local/bin:/home/cpup/.ooc/bin:/home/cpup/.luaenv/shims:/home/cpup/.luaenv/bin:/home/cpup/.pyenv/shims:/home/cpup/.pyenv/bin:/opt/n/bin:/home/cpup/.rbenv/shims:/home/cpup/.rbenv/bin:/home/cpup/.cabal/bin:/home/cpup/.local/bin:/home/cpup/.ooc/bin:/home/cpup/.luaenv/shims:/home/cpup/.luaenv/bin:/home/cpup/.pyenv/shims:/home/cpup/.pyenv/bin:/opt/n/bin:/home/cpup/.rbenv/shims:/home/cpup/.rbenv/bin:/home/cpup/.cabal/bin:/home/cpup/.local/bin:/usr/bin:/usr/bin:/usr/sbin:/usr/local/bin:/usr/local/sbin:/home/cpup/code/go/bin:/home/cpup/.gem:/home/cpup/.gem/ruby/2.3.0/bin:/opt/android-sdk/tools:/usr/lib/jvm/default/bin:/opt/opencascade/bin:/usr/bin/site_perl:/usr/bin/vendor_perl:/usr/bin/core_perl:/usr/lib/plan9/bin:/usr/bin:/usr/sbin:/usr/local/bin:/usr/local/sbin:/home/cpup/code/go/bin:/home/cpup/.gem:/home/cpup/.gem/ruby/2.3.0/bin:/usr/bin:/usr/sbin:/usr/local/bin:/usr/local/sbin:/home/cpup/code/go/bin:/home/cpup/.gem:/home/cpup/.gem/ruby/2.3.0/bin:/opt/android-sdk/tools:/usr/lib/jvm/default/bin:/opt/opencascade/bin:/usr/bin/site_perl:/usr/bin/vendor_perl:/usr/bin/core_perl:/usr/lib/plan9/bin
10 verbose lifecycle devious-boxes@1.0.0~start: CWD: /home/cpup/code/js-devious-boxes
11 silly lifecycle devious-boxes@1.0.0~start: Args: [ '-c', 'node --harmony server.js' ]
12 silly lifecycle devious-boxes@1.0.0~start: Returned: code: 1  signal: null
13 info lifecycle devious-boxes@1.0.0~start: Failed to exec start script
14 verbose stack Error: devious-boxes@1.0.0 start: `node --harmony server.js`
14 verbose stack Exit status 1
14 verbose stack     at EventEmitter.<anonymous> (/opt/n/lib/node_modules/npm/lib/utils/lifecycle.js:239:16)
14 verbose stack     at emitTwo (events.js:100:13)
14 verbose stack     at EventEmitter.emit (events.js:185:7)
14 verbose stack     at ChildProcess.<anonymous> (/opt/n/lib/node_modules/npm/lib/utils/spawn.js:24:14)
14 verbose stack     at emitTwo (events.js:100:13)
14 verbose stack     at ChildProcess.emit (events.js:185:7)
14 verbose stack     at maybeClose (internal/child_process.js:850:16)
14 verbose stack     at Process.ChildProcess._handle.onexit (internal/child_process.js:215:5)
15 verbose pkgid devious-boxes@1.0.0
16 verbose cwd /home/cpup/code/js-devious-boxes
17 error Linux 4.4.5-1-ARCH
18 error argv "/opt/n/bin/node" "/opt/n/bin/npm" "start"
19 error node v5.9.1
20 error npm  v3.7.3
21 error code ELIFECYCLE
22 error devious-boxes@1.0.0 start: `node --harmony server.js`
22 error Exit status 1
23 error Failed at the devious-boxes@1.0.0 start script 'node --harmony server.js'.
23 error Make sure you have the latest version of node.js and npm installed.
23 error If you do, this is most likely a problem with the devious-boxes package,
23 error not with npm itself.
23 error Tell the author that this fails on your system:
23 error     node --harmony server.js
23 error You can get information on how to open an issue for this project with:
23 error     npm bugs devious-boxes
23 error Or if that isn't available, you can get their info via:
23 error     npm owner ls devious-boxes
23 error There is likely additional logging output above.
24 verbose exit [ 1, true ]
